# JRE version: Java(TM) SE Runtime Environment (8.0_202-b08) (build 1.8.0_202-b08)
# Java VM: Java HotSpot(TM) 64-Bit Server VM (25.202-b08 mixed mode windows-amd64 compressed oops)
Heap:
 PSYoungGen      total 330752K, used 32965K [0x000000076c100000, 0x0000000787680000, 0x00000007c0000000)
  eden space 315392K, 10% used [0x000000076c100000,0x000000076e1316e0,0x000000077f500000)
  from space 15360K, 0% used [0x000000077f500000,0x000000077f500000,0x0000000780400000)
  to   space 19456K, 0% used [0x0000000786380000,0x0000000786380000,0x0000000787680000)
 ParOldGen       total 200192K, used 31070K [0x00000006c4200000, 0x00000006d0580000, 0x000000076c100000)
  object space 200192K, 15% used [0x00000006c4200000,0x00000006c6057ad0,0x00000006d0580000)
 Metaspace       used 58413K, capacity 61342K, committed 61480K, reserved 1101824K
  class space    used 7630K, capacity 8159K, committed 8240K, reserved 1048576K
GC Heap History (10 events):
Event: 2.793 GC heap before
{Heap before GC invocations=8 (full 1):
 PSYoungGen      total 214528K, used 61241K [0x000000076c100000, 0x000000077a400000, 0x00000007c0000000)
  eden space 203776K, 24% used [0x000000076c100000,0x000000076f250310,0x0000000778800000)
  from space 10752K, 99% used [0x0000000779980000,0x000000077a3fe198,0x000000077a400000)
  to   space 13824K, 0% used [0x0000000778900000,0x0000000778900000,0x0000000779680000)
 ParOldGen       total 93184K, used 9603K [0x00000006c4200000, 0x00000006c9d00000, 0x000000076c100000)
  object space 93184K, 10% used [0x00000006c4200000,0x00000006c4b60ca8,0x00000006c9d00000)
 Metaspace       used 33173K, capacity 35412K, committed 35496K, reserved 1079296K
  class space    used 4287K, capacity 4710K, committed 4784K, reserved 1048576K
Event: 2.798 GC heap after
Heap after GC invocations=8 (full 1):
 PSYoungGen      total 218624K, used 8562K [0x000000076c100000, 0x0000000781280000, 0x00000007c0000000)
  eden space 204800K, 0% used [0x000000076c100000,0x000000076c100000,0x0000000778900000)
  from space 13824K, 61% used [0x0000000778900000,0x000000077915cb40,0x0000000779680000)
  to   space 12800K, 0% used [0x0000000780600000,0x0000000780600000,0x0000000781280000)
 ParOldGen       total 93184K, used 9611K [0x00000006c4200000, 0x00000006c9d00000, 0x000000076c100000)
  object space 93184K, 10% used [0x00000006c4200000,0x00000006c4b62ca8,0x00000006c9d00000)
 Metaspace       used 33173K, capacity 35412K, committed 35496K, reserved 1079296K
  class space    used 4287K, capacity 4710K, committed 4784K, reserved 1048576K
}
Event: 2.798 GC heap before
{Heap before GC invocations=9 (full 2):
 PSYoungGen      total 218624K, used 8562K [0x000000076c100000, 0x0000000781280000, 0x00000007c0000000)
  eden space 204800K, 0% used [0x000000076c100000,0x000000076c100000,0x0000000778900000)
  from space 13824K, 61% used [0x0000000778900000,0x000000077915cb40,0x0000000779680000)
  to   space 12800K, 0% used [0x0000000780600000,0x0000000780600000,0x0000000781280000)
 ParOldGen       total 93184K, used 9611K [0x00000006c4200000, 0x00000006c9d00000, 0x000000076c100000)
  object space 93184K, 10% used [0x00000006c4200000,0x00000006c4b62ca8,0x00000006c9d00000)
 Metaspace       used 33173K, capacity 35412K, committed 35496K, reserved 1079296K
  class space    used 4287K, capacity 4710K, committed 4784K, reserved 1048576K
Event: 2.823 GC heap after
Heap after GC invocations=9 (full 2):
 PSYoungGen      total 218624K, used 0K [0x000000076c100000, 0x0000000781280000, 0x00000007c0000000)
  eden space 204800K, 0% used [0x000000076c100000,0x000000076c100000,0x0000000778900000)
  from space 13824K, 0% used [0x0000000778900000,0x0000000778900000,0x0000000779680000)
  to   space 12800K, 0% used [0x0000000780600000,0x0000000780600000,0x0000000781280000)
 ParOldGen       total 137216K, used 13610K [0x00000006c4200000, 0x00000006cc800000, 0x000000076c100000)
  object space 137216K, 9% used [0x00000006c4200000,0x00000006c4f4aa48,0x00000006cc800000)
 Metaspace       used 33173K, capacity 35412K, committed 35496K, reserved 1079296K
  class space    used 4287K, capacity 4710K, committed 4784K, reserved 1048576K
}
Event: 4.016 GC heap before
{Heap before GC invocations=10 (full 2):
 PSYoungGen      total 218624K, used 204800K [0x000000076c100000, 0x0000000781280000, 0x00000007c0000000)
  eden space 204800K, 100% used [0x000000076c100000,0x0000000778900000,0x0000000778900000)
  from space 13824K, 0% used [0x0000000778900000,0x0000000778900000,0x0000000779680000)
  to   space 12800K, 0% used [0x0000000780600000,0x0000000780600000,0x0000000781280000)
 ParOldGen       total 137216K, used 13610K [0x00000006c4200000, 0x00000006cc800000, 0x000000076c100000)
  object space 137216K, 9% used [0x00000006c4200000,0x00000006c4f4aa48,0x00000006cc800000)
 Metaspace       used 45181K, capacity 47852K, committed 48168K, reserved 1091584K
  class space    used 5861K, capacity 6352K, committed 6448K, reserved 1048576K
Event: 4.024 GC heap after
Heap after GC invocations=10 (full 2):
 PSYoungGen      total 328192K, used 12781K [0x000000076c100000, 0x0000000781300000, 0x00000007c0000000)
  eden space 315392K, 0% used [0x000000076c100000,0x000000076c100000,0x000000077f500000)
  from space 12800K, 99% used [0x0000000780600000,0x000000078127b590,0x0000000781280000)
  to   space 15360K, 0% used [0x000000077f500000,0x000000077f500000,0x0000000780400000)
 ParOldGen       total 137216K, used 16567K [0x00000006c4200000, 0x00000006cc800000, 0x000000076c100000)
  object space 137216K, 12% used [0x00000006c4200000,0x00000006c522dcb0,0x00000006cc800000)
 Metaspace       used 45181K, capacity 47852K, committed 48168K, reserved 1091584K
  class space    used 5861K, capacity 6352K, committed 6448K, reserved 1048576K
}
Event: 5.547 GC heap before
{Heap before GC invocations=11 (full 2):
 PSYoungGen      total 328192K, used 190141K [0x000000076c100000, 0x0000000781300000, 0x00000007c0000000)
  eden space 315392K, 56% used [0x000000076c100000,0x0000000776e34150,0x000000077f500000)
  from space 12800K, 99% used [0x0000000780600000,0x000000078127b590,0x0000000781280000)
  to   space 15360K, 0% used [0x000000077f500000,0x000000077f500000,0x0000000780400000)
 ParOldGen       total 137216K, used 16567K [0x00000006c4200000, 0x00000006cc800000, 0x000000076c100000)
  object space 137216K, 12% used [0x00000006c4200000,0x00000006c522dcb0,0x00000006cc800000)
 Metaspace       used 56252K, capacity 59052K, committed 59160K, reserved 1101824K
  class space    used 7361K, capacity 7850K, committed 7856K, reserved 1048576K
Event: 5.557 GC heap after
Heap after GC invocations=11 (full 2):
 PSYoungGen      total 330752K, used 15338K [0x000000076c100000, 0x0000000787680000, 0x00000007c0000000)
  eden space 315392K, 0% used [0x000000076c100000,0x000000076c100000,0x000000077f500000)
  from space 15360K, 99% used [0x000000077f500000,0x00000007803fa8a8,0x0000000780400000)
  to   space 19456K, 0% used [0x0000000786380000,0x0000000786380000,0x0000000787680000)
 ParOldGen       total 137216K, used 22099K [0x00000006c4200000, 0x00000006cc800000, 0x000000076c100000)
  object space 137216K, 16% used [0x00000006c4200000,0x00000006c5794fc0,0x00000006cc800000)
 Metaspace       used 56252K, capacity 59052K, committed 59160K, reserved 1101824K
  class space    used 7361K, capacity 7850K, committed 7856K, reserved 1048576K
}
Event: 5.557 GC heap before
{Heap before GC invocations=12 (full 3):
 PSYoungGen      total 330752K, used 15338K [0x000000076c100000, 0x0000000787680000, 0x00000007c0000000)
  eden space 315392K, 0% used [0x000000076c100000,0x000000076c100000,0x000000077f500000)
  from space 15360K, 99% used [0x000000077f500000,0x00000007803fa8a8,0x0000000780400000)
  to   space 19456K, 0% used [0x0000000786380000,0x0000000786380000,0x0000000787680000)
 ParOldGen       total 137216K, used 22099K [0x00000006c4200000, 0x00000006cc800000, 0x000000076c100000)
  object space 137216K, 16% used [0x00000006c4200000,0x00000006c5794fc0,0x00000006cc800000)
 Metaspace       used 56252K, capacity 59052K, committed 59160K, reserved 1101824K
  class space    used 7361K, capacity 7850K, committed 7856K, reserved 1048576K
Event: 5.652 GC heap after
Heap after GC invocations=12 (full 3):
 PSYoungGen      total 330752K, used 0K [0x000000076c100000, 0x0000000787680000, 0x00000007c0000000)
  eden space 315392K, 0% used [0x000000076c100000,0x000000076c100000,0x000000077f500000)
  from space 15360K, 0% used [0x000000077f500000,0x000000077f500000,0x0000000780400000)
  to   space 19456K, 0% used [0x0000000786380000,0x0000000786380000,0x0000000787680000)
 ParOldGen       total 200192K, used 31070K [0x00000006c4200000, 0x00000006d0580000, 0x000000076c100000)
  object space 200192K, 15% used [0x00000006c4200000,0x00000006c6057ad0,0x00000006d0580000)
 Metaspace       used 56252K, capacity 59052K, committed 59160K, reserved 1101824K
  class space    used 7361K, capacity 7850K, committed 7856K, reserved 1048576K
}

