# JRE version: Java(TM) SE Runtime Environment (8.0_202-b08) (build 1.8.0_202-b08)
# Java VM: Java HotSpot(TM) 64-Bit Server VM (25.202-b08 mixed mode windows-amd64 compressed oops)
Heap:
 PSYoungGen      total 265216K, used 37826K [0x000000076c100000, 0x0000000782580000, 0x00000007c0000000)
  eden space 231936K, 16% used [0x000000076c100000,0x000000076e5f0ac8,0x000000077a380000)
  from space 33280K, 0% used [0x000000077a380000,0x000000077a380000,0x000000077c400000)
  to   space 38400K, 0% used [0x0000000780000000,0x0000000780000000,0x0000000782580000)
 ParOldGen       total 218112K, used 47141K [0x00000006c4200000, 0x00000006d1700000, 0x000000076c100000)
  object space 218112K, 21% used [0x00000006c4200000,0x00000006c7009588,0x00000006d1700000)
 Metaspace       used 31875K, capacity 33056K, committed 35496K, reserved 1081344K
  class space    used 3596K, capacity 3903K, committed 4352K, reserved 1048576K
GC Heap History (10 events):
Event: 3.687 GC heap before
{Heap before GC invocations=7 (full 1):
 PSYoungGen      total 139776K, used 139753K [0x000000076c100000, 0x0000000778e00000, 0x00000007c0000000)
  eden space 129024K, 100% used [0x000000076c100000,0x0000000773f00000,0x0000000773f00000)
  from space 10752K, 99% used [0x0000000773f00000,0x000000077497a650,0x0000000774980000)
  to   space 16896K, 0% used [0x0000000777d80000,0x0000000777d80000,0x0000000778e00000)
 ParOldGen       total 125952K, used 20546K [0x00000006c4200000, 0x00000006cbd00000, 0x000000076c100000)
  object space 125952K, 16% used [0x00000006c4200000,0x00000006c5610a30,0x00000006cbd00000)
 Metaspace       used 29372K, capacity 30548K, committed 30720K, reserved 1077248K
  class space    used 3435K, capacity 3764K, committed 3840K, reserved 1048576K
Event: 3.700 GC heap after
Heap after GC invocations=7 (full 1):
 PSYoungGen      total 184320K, used 16868K [0x000000076c100000, 0x0000000779e80000, 0x00000007c0000000)
  eden space 167424K, 0% used [0x000000076c100000,0x000000076c100000,0x0000000776480000)
  from space 16896K, 99% used [0x0000000777d80000,0x0000000778df9388,0x0000000778e00000)
  to   space 25600K, 0% used [0x0000000776480000,0x0000000776480000,0x0000000777d80000)
 ParOldGen       total 125952K, used 33236K [0x00000006c4200000, 0x00000006cbd00000, 0x000000076c100000)
  object space 125952K, 26% used [0x00000006c4200000,0x00000006c62750b8,0x00000006cbd00000)
 Metaspace       used 29372K, capacity 30548K, committed 30720K, reserved 1077248K
  class space    used 3435K, capacity 3764K, committed 3840K, reserved 1048576K
}
Event: 4.037 GC heap before
{Heap before GC invocations=8 (full 1):
 PSYoungGen      total 184320K, used 184292K [0x000000076c100000, 0x0000000779e80000, 0x00000007c0000000)
  eden space 167424K, 100% used [0x000000076c100000,0x0000000776480000,0x0000000776480000)
  from space 16896K, 99% used [0x0000000777d80000,0x0000000778df9388,0x0000000778e00000)
  to   space 25600K, 0% used [0x0000000776480000,0x0000000776480000,0x0000000777d80000)
 ParOldGen       total 125952K, used 33236K [0x00000006c4200000, 0x00000006cbd00000, 0x000000076c100000)
  object space 125952K, 26% used [0x00000006c4200000,0x00000006c62750b8,0x00000006cbd00000)
 Metaspace       used 29868K, capacity 31100K, committed 31232K, reserved 1077248K
  class space    used 3464K, capacity 3792K, committed 3840K, reserved 1048576K
Event: 4.049 GC heap after
Heap after GC invocations=8 (full 1):
 PSYoungGen      total 193024K, used 20737K [0x000000076c100000, 0x000000077de00000, 0x00000007c0000000)
  eden space 167424K, 0% used [0x000000076c100000,0x000000076c100000,0x0000000776480000)
  from space 25600K, 81% used [0x0000000776480000,0x00000007778c0578,0x0000000777d80000)
  to   space 26624K, 0% used [0x000000077c400000,0x000000077c400000,0x000000077de00000)
 ParOldGen       total 125952K, used 33244K [0x00000006c4200000, 0x00000006cbd00000, 0x000000076c100000)
  object space 125952K, 26% used [0x00000006c4200000,0x00000006c62770b8,0x00000006cbd00000)
 Metaspace       used 29868K, capacity 31100K, committed 31232K, reserved 1077248K
  class space    used 3464K, capacity 3792K, committed 3840K, reserved 1048576K
}
Event: 5.272 GC heap before
{Heap before GC invocations=9 (full 1):
 PSYoungGen      total 193024K, used 188161K [0x000000076c100000, 0x000000077de00000, 0x00000007c0000000)
  eden space 167424K, 100% used [0x000000076c100000,0x0000000776480000,0x0000000776480000)
  from space 25600K, 81% used [0x0000000776480000,0x00000007778c0578,0x0000000777d80000)
  to   space 26624K, 0% used [0x000000077c400000,0x000000077c400000,0x000000077de00000)
 ParOldGen       total 125952K, used 33244K [0x00000006c4200000, 0x00000006cbd00000, 0x000000076c100000)
  object space 125952K, 26% used [0x00000006c4200000,0x00000006c62770b8,0x00000006cbd00000)
 Metaspace       used 31798K, capacity 33052K, committed 33152K, reserved 1079296K
  class space    used 3616K, capacity 3952K, committed 3968K, reserved 1048576K
Event: 5.290 GC heap after
Heap after GC invocations=9 (full 1):
 PSYoungGen      total 258560K, used 26601K [0x000000076c100000, 0x000000077e800000, 0x00000007c0000000)
  eden space 231936K, 0% used [0x000000076c100000,0x000000076c100000,0x000000077a380000)
  from space 26624K, 99% used [0x000000077c400000,0x000000077ddfa6f0,0x000000077de00000)
  to   space 33280K, 0% used [0x000000077a380000,0x000000077a380000,0x000000077c400000)
 ParOldGen       total 125952K, used 40599K [0x00000006c4200000, 0x00000006cbd00000, 0x000000076c100000)
  object space 125952K, 32% used [0x00000006c4200000,0x00000006c69a5e18,0x00000006cbd00000)
 Metaspace       used 31798K, capacity 33052K, committed 33152K, reserved 1079296K
  class space    used 3616K, capacity 3952K, committed 3968K, reserved 1048576K
}
Event: 6.222 GC heap before
{Heap before GC invocations=10 (full 1):
 PSYoungGen      total 258560K, used 165834K [0x000000076c100000, 0x000000077e800000, 0x00000007c0000000)
  eden space 231936K, 60% used [0x000000076c100000,0x00000007748f81b0,0x000000077a380000)
  from space 26624K, 99% used [0x000000077c400000,0x000000077ddfa6f0,0x000000077de00000)
  to   space 33280K, 0% used [0x000000077a380000,0x000000077a380000,0x000000077c400000)
 ParOldGen       total 125952K, used 40599K [0x00000006c4200000, 0x00000006cbd00000, 0x000000076c100000)
  object space 125952K, 32% used [0x00000006c4200000,0x00000006c69a5e18,0x00000006cbd00000)
 Metaspace       used 33849K, capacity 35310K, committed 35496K, reserved 1081344K
  class space    used 3828K, capacity 4230K, committed 4352K, reserved 1048576K
Event: 6.240 GC heap after
Heap after GC invocations=10 (full 1):
 PSYoungGen      total 265216K, used 33259K [0x000000076c100000, 0x0000000782580000, 0x00000007c0000000)
  eden space 231936K, 0% used [0x000000076c100000,0x000000076c100000,0x000000077a380000)
  from space 33280K, 99% used [0x000000077a380000,0x000000077c3faef0,0x000000077c400000)
  to   space 38400K, 0% used [0x0000000780000000,0x0000000780000000,0x0000000782580000)
 ParOldGen       total 125952K, used 42745K [0x00000006c4200000, 0x00000006cbd00000, 0x000000076c100000)
  object space 125952K, 33% used [0x00000006c4200000,0x00000006c6bbe688,0x00000006cbd00000)
 Metaspace       used 33849K, capacity 35310K, committed 35496K, reserved 1081344K
  class space    used 3828K, capacity 4230K, committed 4352K, reserved 1048576K
}
Event: 6.240 GC heap before
{Heap before GC invocations=11 (full 2):
 PSYoungGen      total 265216K, used 33259K [0x000000076c100000, 0x0000000782580000, 0x00000007c0000000)
  eden space 231936K, 0% used [0x000000076c100000,0x000000076c100000,0x000000077a380000)
  from space 33280K, 99% used [0x000000077a380000,0x000000077c3faef0,0x000000077c400000)
  to   space 38400K, 0% used [0x0000000780000000,0x0000000780000000,0x0000000782580000)
 ParOldGen       total 125952K, used 42745K [0x00000006c4200000, 0x00000006cbd00000, 0x000000076c100000)
  object space 125952K, 33% used [0x00000006c4200000,0x00000006c6bbe688,0x00000006cbd00000)
 Metaspace       used 33849K, capacity 35310K, committed 35496K, reserved 1081344K
  class space    used 3828K, capacity 4230K, committed 4352K, reserved 1048576K
Event: 6.307 GC heap after
Heap after GC invocations=11 (full 2):
 PSYoungGen      total 265216K, used 0K [0x000000076c100000, 0x0000000782580000, 0x00000007c0000000)
  eden space 231936K, 0% used [0x000000076c100000,0x000000076c100000,0x000000077a380000)
  from space 33280K, 0% used [0x000000077a380000,0x000000077a380000,0x000000077c400000)
  to   space 38400K, 0% used [0x0000000780000000,0x0000000780000000,0x0000000782580000)
 ParOldGen       total 218112K, used 47141K [0x00000006c4200000, 0x00000006d1700000, 0x000000076c100000)
  object space 218112K, 21% used [0x00000006c4200000,0x00000006c7009588,0x00000006d1700000)
 Metaspace       used 30604K, capacity 31822K, committed 35496K, reserved 1081344K
  class space    used 3454K, capacity 3772K, committed 4352K, reserved 1048576K
}

