# JRE version: Java(TM) SE Runtime Environment (8.0_202-b08) (build 1.8.0_202-b08)
# Java VM: Java HotSpot(TM) 64-Bit Server VM (25.202-b08 mixed mode windows-amd64 compressed oops)
Heap:
 PSYoungGen      total 432640K, used 90240K [0x000000076c100000, 0x0000000789980000, 0x00000007c0000000)
  eden space 410112K, 16% used [0x000000076c100000,0x0000000770326e28,0x0000000785180000)
  from space 22528K, 99% used [0x0000000786e80000,0x0000000788479458,0x0000000788480000)
  to   space 29696K, 0% used [0x0000000785180000,0x0000000785180000,0x0000000786e80000)
 ParOldGen       total 217088K, used 46640K [0x00000006c4200000, 0x00000006d1600000, 0x000000076c100000)
  object space 217088K, 21% used [0x00000006c4200000,0x00000006c6f8c128,0x00000006d1600000)
 Metaspace       used 87401K, capacity 94026K, committed 94104K, reserved 1130496K
  class space    used 11344K, capacity 12439K, committed 12440K, reserved 1048576K
GC Heap History (10 events):
Event: 7.058 GC heap before
{Heap before GC invocations=11 (full 2):
 PSYoungGen      total 302592K, used 203061K [0x000000076c100000, 0x000000077ff80000, 0x00000007c0000000)
  eden space 289280K, 65% used [0x000000076c100000,0x0000000777a50cf0,0x000000077db80000)
  from space 13312K, 99% used [0x000000077ea80000,0x000000077f77c900,0x000000077f780000)
  to   space 15360K, 0% used [0x000000077db80000,0x000000077db80000,0x000000077ea80000)
 ParOldGen       total 148480K, used 15318K [0x00000006c4200000, 0x00000006cd300000, 0x000000076c100000)
  object space 148480K, 10% used [0x00000006c4200000,0x00000006c50f59d8,0x00000006cd300000)
 Metaspace       used 56218K, capacity 58980K, committed 59160K, reserved 1099776K
  class space    used 7362K, capacity 7850K, committed 7960K, reserved 1048576K
Event: 7.068 GC heap after
Heap after GC invocations=11 (full 2):
 PSYoungGen      total 304640K, used 15331K [0x000000076c100000, 0x0000000784e80000, 0x00000007c0000000)
  eden space 289280K, 0% used [0x000000076c100000,0x000000076c100000,0x000000077db80000)
  from space 15360K, 99% used [0x000000077db80000,0x000000077ea78d18,0x000000077ea80000)
  to   space 19456K, 0% used [0x0000000783b80000,0x0000000783b80000,0x0000000784e80000)
 ParOldGen       total 148480K, used 21477K [0x00000006c4200000, 0x00000006cd300000, 0x000000076c100000)
  object space 148480K, 14% used [0x00000006c4200000,0x00000006c56f9570,0x00000006cd300000)
 Metaspace       used 56218K, capacity 58980K, committed 59160K, reserved 1099776K
  class space    used 7362K, capacity 7850K, committed 7960K, reserved 1048576K
}
Event: 7.068 GC heap before
{Heap before GC invocations=12 (full 3):
 PSYoungGen      total 304640K, used 15331K [0x000000076c100000, 0x0000000784e80000, 0x00000007c0000000)
  eden space 289280K, 0% used [0x000000076c100000,0x000000076c100000,0x000000077db80000)
  from space 15360K, 99% used [0x000000077db80000,0x000000077ea78d18,0x000000077ea80000)
  to   space 19456K, 0% used [0x0000000783b80000,0x0000000783b80000,0x0000000784e80000)
 ParOldGen       total 148480K, used 21477K [0x00000006c4200000, 0x00000006cd300000, 0x000000076c100000)
  object space 148480K, 14% used [0x00000006c4200000,0x00000006c56f9570,0x00000006cd300000)
 Metaspace       used 56218K, capacity 58980K, committed 59160K, reserved 1099776K
  class space    used 7362K, capacity 7850K, committed 7960K, reserved 1048576K
Event: 7.180 GC heap after
Heap after GC invocations=12 (full 3):
 PSYoungGen      total 304640K, used 0K [0x000000076c100000, 0x0000000784e80000, 0x00000007c0000000)
  eden space 289280K, 0% used [0x000000076c100000,0x000000076c100000,0x000000077db80000)
  from space 15360K, 0% used [0x000000077db80000,0x000000077db80000,0x000000077ea80000)
  to   space 19456K, 0% used [0x0000000783b80000,0x0000000783b80000,0x0000000784e80000)
 ParOldGen       total 217088K, used 31563K [0x00000006c4200000, 0x00000006d1600000, 0x000000076c100000)
  object space 217088K, 14% used [0x00000006c4200000,0x00000006c60d2d00,0x00000006d1600000)
 Metaspace       used 56218K, capacity 58980K, committed 59160K, reserved 1099776K
  class space    used 7362K, capacity 7850K, committed 7960K, reserved 1048576K
}
Event: 9.771 GC heap before
{Heap before GC invocations=13 (full 3):
 PSYoungGen      total 304640K, used 289280K [0x000000076c100000, 0x0000000784e80000, 0x00000007c0000000)
  eden space 289280K, 100% used [0x000000076c100000,0x000000077db80000,0x000000077db80000)
  from space 15360K, 0% used [0x000000077db80000,0x000000077db80000,0x000000077ea80000)
  to   space 19456K, 0% used [0x0000000783b80000,0x0000000783b80000,0x0000000784e80000)
 ParOldGen       total 217088K, used 31563K [0x00000006c4200000, 0x00000006d1600000, 0x000000076c100000)
  object space 217088K, 14% used [0x00000006c4200000,0x00000006c60d2d00,0x00000006d1600000)
 Metaspace       used 63917K, capacity 67372K, committed 67608K, reserved 1107968K
  class space    used 8261K, capacity 8872K, committed 8984K, reserved 1048576K
Event: 9.782 GC heap after
Heap after GC invocations=13 (full 3):
 PSYoungGen      total 361984K, used 10936K [0x000000076c100000, 0x0000000784680000, 0x00000007c0000000)
  eden space 350720K, 0% used [0x000000076c100000,0x000000076c100000,0x0000000781780000)
  from space 11264K, 97% used [0x0000000783b80000,0x000000078462e0f0,0x0000000784680000)
  to   space 18944K, 0% used [0x0000000782180000,0x0000000782180000,0x0000000783400000)
 ParOldGen       total 217088K, used 31571K [0x00000006c4200000, 0x00000006d1600000, 0x000000076c100000)
  object space 217088K, 14% used [0x00000006c4200000,0x00000006c60d4d00,0x00000006d1600000)
 Metaspace       used 63917K, capacity 67372K, committed 67608K, reserved 1107968K
  class space    used 8261K, capacity 8872K, committed 8984K, reserved 1048576K
}
Event: 12.355 GC heap before
{Heap before GC invocations=14 (full 3):
 PSYoungGen      total 361984K, used 361656K [0x000000076c100000, 0x0000000784680000, 0x00000007c0000000)
  eden space 350720K, 100% used [0x000000076c100000,0x0000000781780000,0x0000000781780000)
  from space 11264K, 97% used [0x0000000783b80000,0x000000078462e0f0,0x0000000784680000)
  to   space 18944K, 0% used [0x0000000782180000,0x0000000782180000,0x0000000783400000)
 ParOldGen       total 217088K, used 31571K [0x00000006c4200000, 0x00000006d1600000, 0x000000076c100000)
  object space 217088K, 14% used [0x00000006c4200000,0x00000006c60d4d00,0x00000006d1600000)
 Metaspace       used 71217K, capacity 75658K, committed 75928K, reserved 1116160K
  class space    used 9301K, capacity 10055K, committed 10136K, reserved 1048576K
Event: 12.366 GC heap after
Heap after GC invocations=14 (full 3):
 PSYoungGen      total 379904K, used 18931K [0x000000076c100000, 0x0000000788480000, 0x00000007c0000000)
  eden space 360960K, 0% used [0x000000076c100000,0x000000076c100000,0x0000000782180000)
  from space 18944K, 99% used [0x0000000782180000,0x00000007833fcc10,0x0000000783400000)
  to   space 22528K, 0% used [0x0000000786e80000,0x0000000786e80000,0x0000000788480000)
 ParOldGen       total 217088K, used 35123K [0x00000006c4200000, 0x00000006d1600000, 0x000000076c100000)
  object space 217088K, 16% used [0x00000006c4200000,0x00000006c644cda8,0x00000006d1600000)
 Metaspace       used 71217K, capacity 75658K, committed 75928K, reserved 1116160K
  class space    used 9301K, capacity 10055K, committed 10136K, reserved 1048576K
}
Event: 16.099 GC heap before
{Heap before GC invocations=15 (full 3):
 PSYoungGen      total 379904K, used 379891K [0x000000076c100000, 0x0000000788480000, 0x00000007c0000000)
  eden space 360960K, 100% used [0x000000076c100000,0x0000000782180000,0x0000000782180000)
  from space 18944K, 99% used [0x0000000782180000,0x00000007833fcc10,0x0000000783400000)
  to   space 22528K, 0% used [0x0000000786e80000,0x0000000786e80000,0x0000000788480000)
 ParOldGen       total 217088K, used 35123K [0x00000006c4200000, 0x00000006d1600000, 0x000000076c100000)
  object space 217088K, 16% used [0x00000006c4200000,0x00000006c644cda8,0x00000006d1600000)
 Metaspace       used 84664K, capacity 91208K, committed 91416K, reserved 1128448K
  class space    used 10937K, capacity 12012K, committed 12056K, reserved 1048576K
Event: 16.121 GC heap after
Heap after GC invocations=15 (full 3):
 PSYoungGen      total 432640K, used 22501K [0x000000076c100000, 0x0000000789980000, 0x00000007c0000000)
  eden space 410112K, 0% used [0x000000076c100000,0x000000076c100000,0x0000000785180000)
  from space 22528K, 99% used [0x0000000786e80000,0x0000000788479458,0x0000000788480000)
  to   space 29696K, 0% used [0x0000000785180000,0x0000000785180000,0x0000000786e80000)
 ParOldGen       total 217088K, used 46640K [0x00000006c4200000, 0x00000006d1600000, 0x000000076c100000)
  object space 217088K, 21% used [0x00000006c4200000,0x00000006c6f8c128,0x00000006d1600000)
 Metaspace       used 84664K, capacity 91208K, committed 91416K, reserved 1128448K
  class space    used 10937K, capacity 12012K, committed 12056K, reserved 1048576K
}

