# JRE version: Java(TM) SE Runtime Environment (8.0_202-b08) (build 1.8.0_202-b08)
# Java VM: Java HotSpot(TM) 64-Bit Server VM (25.202-b08 mixed mode windows-amd64 compressed oops)
Heap:
 PSYoungGen      total 343040K, used 33850K [0x000000076c100000, 0x0000000782480000, 0x00000007c0000000)
  eden space 327168K, 10% used [0x000000076c100000,0x000000076e20e950,0x0000000780080000)
  from space 15872K, 0% used [0x0000000780580000,0x0000000780580000,0x0000000781500000)
  to   space 12800K, 0% used [0x0000000781800000,0x0000000781800000,0x0000000782480000)
 ParOldGen       total 193536K, used 30718K [0x00000006c4200000, 0x00000006cff00000, 0x000000076c100000)
  object space 193536K, 15% used [0x00000006c4200000,0x00000006c5fffad0,0x00000006cff00000)
 Metaspace       used 58415K, capacity 61342K, committed 61480K, reserved 1101824K
  class space    used 7631K, capacity 8159K, committed 8240K, reserved 1048576K
GC Heap History (10 events):
Event: 2.707 GC heap before
{Heap before GC invocations=8 (full 1):
 PSYoungGen      total 220672K, used 58615K [0x000000076c100000, 0x000000077aa00000, 0x00000007c0000000)
  eden space 209920K, 22% used [0x000000076c100000,0x000000076efc2540,0x0000000778e00000)
  from space 10752K, 99% used [0x0000000779f80000,0x000000077a9fb750,0x000000077aa00000)
  to   space 13312K, 0% used [0x0000000779000000,0x0000000779000000,0x0000000779d00000)
 ParOldGen       total 90112K, used 9446K [0x00000006c4200000, 0x00000006c9a00000, 0x000000076c100000)
  object space 90112K, 10% used [0x00000006c4200000,0x00000006c4b39a40,0x00000006c9a00000)
 Metaspace       used 33181K, capacity 35408K, committed 35496K, reserved 1079296K
  class space    used 4288K, capacity 4710K, committed 4784K, reserved 1048576K
Event: 2.711 GC heap after
Heap after GC invocations=8 (full 1):
 PSYoungGen      total 225280K, used 8573K [0x000000076c100000, 0x0000000782480000, 0x00000007c0000000)
  eden space 211968K, 0% used [0x000000076c100000,0x000000076c100000,0x0000000779000000)
  from space 13312K, 64% used [0x0000000779000000,0x000000077985f508,0x0000000779d00000)
  to   space 12800K, 0% used [0x0000000781800000,0x0000000781800000,0x0000000782480000)
 ParOldGen       total 90112K, used 9454K [0x00000006c4200000, 0x00000006c9a00000, 0x000000076c100000)
  object space 90112K, 10% used [0x00000006c4200000,0x00000006c4b3ba40,0x00000006c9a00000)
 Metaspace       used 33181K, capacity 35408K, committed 35496K, reserved 1079296K
  class space    used 4288K, capacity 4710K, committed 4784K, reserved 1048576K
}
Event: 2.711 GC heap before
{Heap before GC invocations=9 (full 2):
 PSYoungGen      total 225280K, used 8573K [0x000000076c100000, 0x0000000782480000, 0x00000007c0000000)
  eden space 211968K, 0% used [0x000000076c100000,0x000000076c100000,0x0000000779000000)
  from space 13312K, 64% used [0x0000000779000000,0x000000077985f508,0x0000000779d00000)
  to   space 12800K, 0% used [0x0000000781800000,0x0000000781800000,0x0000000782480000)
 ParOldGen       total 90112K, used 9454K [0x00000006c4200000, 0x00000006c9a00000, 0x000000076c100000)
  object space 90112K, 10% used [0x00000006c4200000,0x00000006c4b3ba40,0x00000006c9a00000)
 Metaspace       used 33181K, capacity 35408K, committed 35496K, reserved 1079296K
  class space    used 4288K, capacity 4710K, committed 4784K, reserved 1048576K
Event: 2.747 GC heap after
Heap after GC invocations=9 (full 2):
 PSYoungGen      total 225280K, used 0K [0x000000076c100000, 0x0000000782480000, 0x00000007c0000000)
  eden space 211968K, 0% used [0x000000076c100000,0x000000076c100000,0x0000000779000000)
  from space 13312K, 0% used [0x0000000779000000,0x0000000779000000,0x0000000779d00000)
  to   space 12800K, 0% used [0x0000000781800000,0x0000000781800000,0x0000000782480000)
 ParOldGen       total 133632K, used 13589K [0x00000006c4200000, 0x00000006cc480000, 0x000000076c100000)
  object space 133632K, 10% used [0x00000006c4200000,0x00000006c4f455c8,0x00000006cc480000)
 Metaspace       used 33181K, capacity 35408K, committed 35496K, reserved 1079296K
  class space    used 4288K, capacity 4710K, committed 4784K, reserved 1048576K
}
Event: 3.941 GC heap before
{Heap before GC invocations=10 (full 2):
 PSYoungGen      total 225280K, used 211968K [0x000000076c100000, 0x0000000782480000, 0x00000007c0000000)
  eden space 211968K, 100% used [0x000000076c100000,0x0000000779000000,0x0000000779000000)
  from space 13312K, 0% used [0x0000000779000000,0x0000000779000000,0x0000000779d00000)
  to   space 12800K, 0% used [0x0000000781800000,0x0000000781800000,0x0000000782480000)
 ParOldGen       total 133632K, used 13589K [0x00000006c4200000, 0x00000006cc480000, 0x000000076c100000)
  object space 133632K, 10% used [0x00000006c4200000,0x00000006c4f455c8,0x00000006cc480000)
 Metaspace       used 45588K, capacity 48272K, committed 48424K, reserved 1091584K
  class space    used 5919K, capacity 6388K, committed 6448K, reserved 1048576K
Event: 3.956 GC heap after
Heap after GC invocations=10 (full 2):
 PSYoungGen      total 339968K, used 12787K [0x000000076c100000, 0x0000000782480000, 0x00000007c0000000)
  eden space 327168K, 0% used [0x000000076c100000,0x000000076c100000,0x0000000780080000)
  from space 12800K, 99% used [0x0000000781800000,0x000000078247ce98,0x0000000782480000)
  to   space 15872K, 0% used [0x0000000780580000,0x0000000780580000,0x0000000781500000)
 ParOldGen       total 133632K, used 17131K [0x00000006c4200000, 0x00000006cc480000, 0x000000076c100000)
  object space 133632K, 12% used [0x00000006c4200000,0x00000006c52bafe0,0x00000006cc480000)
 Metaspace       used 45588K, capacity 48272K, committed 48424K, reserved 1091584K
  class space    used 5919K, capacity 6388K, committed 6448K, reserved 1048576K
}
Event: 5.364 GC heap before
{Heap before GC invocations=11 (full 2):
 PSYoungGen      total 339968K, used 190112K [0x000000076c100000, 0x0000000782480000, 0x00000007c0000000)
  eden space 327168K, 54% used [0x000000076c100000,0x0000000776e2b3b0,0x0000000780080000)
  from space 12800K, 99% used [0x0000000781800000,0x000000078247ce98,0x0000000782480000)
  to   space 15872K, 0% used [0x0000000780580000,0x0000000780580000,0x0000000781500000)
 ParOldGen       total 133632K, used 17131K [0x00000006c4200000, 0x00000006cc480000, 0x000000076c100000)
  object space 133632K, 12% used [0x00000006c4200000,0x00000006c52bafe0,0x00000006cc480000)
 Metaspace       used 56245K, capacity 59048K, committed 59160K, reserved 1101824K
  class space    used 7361K, capacity 7850K, committed 7856K, reserved 1048576K
Event: 5.374 GC heap after
Heap after GC invocations=11 (full 2):
 PSYoungGen      total 343040K, used 15860K [0x000000076c100000, 0x0000000782480000, 0x00000007c0000000)
  eden space 327168K, 0% used [0x000000076c100000,0x000000076c100000,0x0000000780080000)
  from space 15872K, 99% used [0x0000000780580000,0x00000007814fd088,0x0000000781500000)
  to   space 12800K, 0% used [0x0000000781800000,0x0000000781800000,0x0000000782480000)
 ParOldGen       total 133632K, used 21725K [0x00000006c4200000, 0x00000006cc480000, 0x000000076c100000)
  object space 133632K, 16% used [0x00000006c4200000,0x00000006c57375f0,0x00000006cc480000)
 Metaspace       used 56245K, capacity 59048K, committed 59160K, reserved 1101824K
  class space    used 7361K, capacity 7850K, committed 7856K, reserved 1048576K
}
Event: 5.374 GC heap before
{Heap before GC invocations=12 (full 3):
 PSYoungGen      total 343040K, used 15860K [0x000000076c100000, 0x0000000782480000, 0x00000007c0000000)
  eden space 327168K, 0% used [0x000000076c100000,0x000000076c100000,0x0000000780080000)
  from space 15872K, 99% used [0x0000000780580000,0x00000007814fd088,0x0000000781500000)
  to   space 12800K, 0% used [0x0000000781800000,0x0000000781800000,0x0000000782480000)
 ParOldGen       total 133632K, used 21725K [0x00000006c4200000, 0x00000006cc480000, 0x000000076c100000)
  object space 133632K, 16% used [0x00000006c4200000,0x00000006c57375f0,0x00000006cc480000)
 Metaspace       used 56245K, capacity 59048K, committed 59160K, reserved 1101824K
  class space    used 7361K, capacity 7850K, committed 7856K, reserved 1048576K
Event: 5.465 GC heap after
Heap after GC invocations=12 (full 3):
 PSYoungGen      total 343040K, used 0K [0x000000076c100000, 0x0000000782480000, 0x00000007c0000000)
  eden space 327168K, 0% used [0x000000076c100000,0x000000076c100000,0x0000000780080000)
  from space 15872K, 0% used [0x0000000780580000,0x0000000780580000,0x0000000781500000)
  to   space 12800K, 0% used [0x0000000781800000,0x0000000781800000,0x0000000782480000)
 ParOldGen       total 193536K, used 30718K [0x00000006c4200000, 0x00000006cff00000, 0x000000076c100000)
  object space 193536K, 15% used [0x00000006c4200000,0x00000006c5fffad0,0x00000006cff00000)
 Metaspace       used 56245K, capacity 59048K, committed 59160K, reserved 1101824K
  class space    used 7361K, capacity 7850K, committed 7856K, reserved 1048576K
}

